<?xml version="1.0" encoding="UTF-8"?>
<!-- Generated by org.testng.reporters.JUnitReportReporter -->
<testsuite hostname="RP" failures="0" tests="2" name="selenium.Test1" time="0.001" errors="0" timestamp="09 Jun. 2023 15:57:43 GMT" skipped="0">
  <testcase classname="selenium.Test1" name="test2" time="0.000"/>
  <testcase classname="selenium.Test1" name="test1" time="0.001"/>
</testsuite> <!-- selenium.Test1 -->
