<?xml version="1.0" encoding="UTF-8"?>
<!-- Generated by org.testng.reporters.JUnitReportReporter -->
<testsuite hostname="RP" failures="0" tests="2" name="selenium.Test2" time="0.009" errors="0" timestamp="2023-06-09T11:39:51 EDT" skipped="0">
  <testcase classname="selenium.Test2" name="Test4" time="0.001"/>
  <testcase classname="selenium.Test2" name="Test3" time="0.008"/>
</testsuite> <!-- selenium.Test2 -->
